<?xml version="1.0" encoding="UTF-8"?>
<!-- Generated by org.testng.reporters.JUnitReportReporter -->
<testsuite hostname="DESKTOP-9GS1S2K" failures="0" tests="2" name="test.ProductSearchTest" time="2.559" errors="0" timestamp="2025-10-22T03:43:34 IST" skipped="0">
  <testcase classname="test.ProductSearchTest" name="searchProduct" time="1.224"/>
  <testcase classname="test.ProductSearchTest" name="addToCart" time="1.335"/>
</testsuite> <!-- test.ProductSearchTest -->
