<?xml version="1.0" encoding="UTF-8"?>
<!-- Generated by org.testng.reporters.JUnitReportReporter -->
<testsuite hostname="DESKTOP-9GS1S2K" failures="0" tests="1" name="test.EmptyCartCheckoutTest" time="1.281" errors="0" timestamp="2025-10-22T04:05:36 IST" skipped="0">
  <testcase classname="test.EmptyCartCheckoutTest" name="emptyCartCheckout" time="1.281"/>
</testsuite> <!-- test.EmptyCartCheckoutTest -->
